#
# There is insufficient memory for the Java Runtime Environment to continue.
# Native memory allocation (mmap) failed to map 264241152 bytes for G1 virtual space
# Possible reasons:
#   The system is out of physical RAM or swap space
#   The process is running with CompressedOops enabled, and the Java Heap may be blocking the growth of the native heap
# Possible solutions:
#   Reduce memory load on the system
#   Increase physical memory or swap space
#   Check if swap backing store is full
#   Decrease Java heap size (-Xmx/-Xms)
#   Decrease number of Java threads
#   Decrease Java thread stack sizes (-Xss)
#   Set larger code cache with -XX:ReservedCodeCacheSize=
#   JVM is running with Zero Based Compressed Oops mode in which the Java heap is
#     placed in the first 32GB address space. The Java Heap base address is the
#     maximum limit for the native heap growth. Please use -XX:HeapBaseMinAddress
#     to set the Java Heap base and to place the Java Heap above 32GB virtual address.
# This output file may be truncated or incomplete.
#
#  Out of Memory Error (os_windows.cpp:3559), pid=764, tid=26596
#
# JRE version:  (17.0.7+7) (build )
# Java VM: OpenJDK 64-Bit Server VM (17.0.7+7, mixed mode, sharing, tiered, compressed oops, compressed class ptrs, g1 gc, windows-amd64)
# No core dump will be written. Minidumps are not enabled by default on client versions of Windows
#

---------------  S U M M A R Y ------------

Command Line: -Dfile.encoding=UTF-8 -XX:+ShowCodeDetailsInExceptionMessages com.crsApp.CRSApp

Host: 12th Gen Intel(R) Core(TM) i5-1245U, 12 cores, 15G,  Windows 10 , 64 bit Build 19041 (10.0.19041.3155)
Time: Mon Jul 31 16:25:50 2023 India Standard Time elapsed time: 0.028023 seconds (0d 0h 0m 0s)

---------------  T H R E A D  ---------------

Current thread (0x0000022acd37cff0):  JavaThread "Unknown thread" [_thread_in_vm, id=26596, stack(0x000000df54900000,0x000000df54a00000)]

Stack: [0x000000df54900000,0x000000df54a00000]
Native frames: (J=compiled Java code, j=interpreted, Vv=VM code, C=native code)
V  [jvm.dll+0x67754a]
V  [jvm.dll+0x834304]
V  [jvm.dll+0x835aae]
V  [jvm.dll+0x836113]
V  [jvm.dll+0x24696f]
V  [jvm.dll+0x6743f9]
V  [jvm.dll+0x668c8a]
V  [jvm.dll+0x3061bb]
V  [jvm.dll+0x30d6a6]
V  [jvm.dll+0x35cece]
V  [jvm.dll+0x35d0ff]
V  [jvm.dll+0x2dd048]
V  [jvm.dll+0x2ddfb4]
V  [jvm.dll+0x8066d1]
V  [jvm.dll+0x36ac91]
V  [jvm.dll+0x7e5cec]
V  [jvm.dll+0x3ed56f]
V  [jvm.dll+0x3ef0a1]
C  [jli.dll+0x528b]
C  [ucrtbase.dll+0x21bb2]
C  [KERNEL32.DLL+0x17614]
C  [ntdll.dll+0x526b1]


---------------  P R O C E S S  ---------------

Threads class SMR info:
_java_thread_list=0x00007ffa42107018, length=0, elements={
}

Java Threads: ( => current thread )

Other Threads:
  0x0000022acf76d2f0 GCTaskThread "GC Thread#0" [stack: 0x000000df54a00000,0x000000df54b00000] [id=17360]
  0x0000022acf77dd50 ConcurrentGCThread "G1 Main Marker" [stack: 0x000000df54b00000,0x000000df54c00000] [id=20720]
  0x0000022acf77e760 ConcurrentGCThread "G1 Conc#0" [stack: 0x000000df54c00000,0x000000df54d00000] [id=28508]

[error occurred during error reporting (printing all threads), id 0xc0000005, EXCEPTION_ACCESS_VIOLATION (0xc0000005) at pc=0x00007ffa418ddaf7]

VM state: not at safepoint (not fully initialized)

VM Mutex/Monitor currently owned by a thread:  ([mutex/lock_event])
[0x0000022acf7030f0] Heap_lock - owner thread: 0x0000022acd37cff0

Heap address: 0x0000000704e00000, size: 4018 MB, Compressed Oops mode: Zero based, Oop shift amount: 3

CDS archive(s) mapped at: [0x0000000000000000-0x0000000000000000-0x0000000000000000), size 0, SharedBaseAddress: 0x0000000800000000, ArchiveRelocationMode: 0.
Narrow klass base: 0x0000000000000000, Narrow klass shift: 0, Narrow klass range: 0x0

GC Precious Log:
<Empty>

Heap:
 garbage-first heap   total 0K, used 0K [0x0000000704e00000, 0x0000000800000000)
  region size 2048K, 0 young (0K), 0 survivors (0K)

[error occurred during error reporting (printing heap information), id 0xc0000005, EXCEPTION_ACCESS_VIOLATION (0xc0000005) at pc=0x00007ffa41cc0db9]

GC Heap History (0 events):
No events

Dll operation events (1 events):
Event: 0.021 Loaded shared library C:\Users\Kumar.Kartik\.p2\pool\plugins\org.eclipse.justj.openjdk.hotspot.jre.full.win32.x86_64_17.0.7.v20230425-1502\jre\bin\java.dll

Deoptimization events (0 events):
No events

Classes unloaded (0 events):
No events

Classes redefined (0 events):
No events

Internal exceptions (0 events):
No events

VM Operations (0 events):
No events

Events (0 events):
No events


Dynamic libraries:
0x00007ff7ef920000 - 0x00007ff7ef92e000 	C:\Users\Kumar.Kartik\.p2\pool\plugins\org.eclipse.justj.openjdk.hotspot.jre.full.win32.x86_64_17.0.7.v20230425-1502\jre\bin\javaw.exe
0x00007ffab2e30000 - 0x00007ffab3028000 	C:\Windows\SYSTEM32\ntdll.dll
0x00007ffab29f0000 - 0x00007ffab2aaf000 	C:\Windows\System32\KERNEL32.DLL
0x00007ffab0510000 - 0x00007ffab0806000 	C:\Windows\System32\KERNELBASE.dll
0x00007ffab0b00000 - 0x00007ffab0c00000 	C:\Windows\System32\ucrtbase.dll
0x00007ffaab4d0000 - 0x00007ffaab4e7000 	C:\Users\Kumar.Kartik\.p2\pool\plugins\org.eclipse.justj.openjdk.hotspot.jre.full.win32.x86_64_17.0.7.v20230425-1502\jre\bin\jli.dll
0x00007ffaab4f0000 - 0x00007ffaab509000 	C:\Users\Kumar.Kartik\.p2\pool\plugins\org.eclipse.justj.openjdk.hotspot.jre.full.win32.x86_64_17.0.7.v20230425-1502\jre\bin\VCRUNTIME140.dll
0x00007ffab1730000 - 0x00007ffab18cd000 	C:\Windows\System32\USER32.dll
0x00007ffab08d0000 - 0x00007ffab08f2000 	C:\Windows\System32\win32u.dll
0x00007ffa995b0000 - 0x00007ffa9984a000 	C:\Windows\WinSxS\amd64_microsoft.windows.common-controls_6595b64144ccf1df_6.0.19041.1110_none_60b5254171f9507e\COMCTL32.dll
0x00007ffab1e60000 - 0x00007ffab1e8c000 	C:\Windows\System32\GDI32.dll
0x00007ffab1dc0000 - 0x00007ffab1e5e000 	C:\Windows\System32\msvcrt.dll
0x00007ffab0d70000 - 0x00007ffab0e85000 	C:\Windows\System32\gdi32full.dll
0x00007ffab0a60000 - 0x00007ffab0afd000 	C:\Windows\System32\msvcp_win.dll
0x00007ffab28f0000 - 0x00007ffab2920000 	C:\Windows\System32\IMM32.DLL
0x0000022acd460000 - 0x0000022acd474000 	C:\Windows\System32\umppc16812.dll
0x000000006a5e0000 - 0x000000006a652000 	C:\Windows\System32\QIPCAP64.dll
0x00007ffab1e90000 - 0x00007ffab25d4000 	C:\Windows\System32\SHELL32.dll
0x00007ffab18d0000 - 0x00007ffab197f000 	C:\Windows\System32\ADVAPI32.dll
0x00007ffab0e90000 - 0x00007ffab0f2c000 	C:\Windows\System32\sechost.dll
0x00007ffab27c0000 - 0x00007ffab28e6000 	C:\Windows\System32\RPCRT4.dll
0x00007ffaaf920000 - 0x00007ffaaf9ea000 	C:\Windows\SYSTEM32\DNSAPI.dll
0x00007ffaaf8d0000 - 0x00007ffaaf90c000 	C:\Windows\SYSTEM32\IPHLPAPI.DLL
0x00007ffab1140000 - 0x00007ffab1148000 	C:\Windows\System32\NSI.dll
0x00007ffaab4c0000 - 0x00007ffaab4cc000 	C:\Users\Kumar.Kartik\.p2\pool\plugins\org.eclipse.justj.openjdk.hotspot.jre.full.win32.x86_64_17.0.7.v20230425-1502\jre\bin\vcruntime140_1.dll
0x00007ffa67000000 - 0x00007ffa67091000 	C:\Users\Kumar.Kartik\.p2\pool\plugins\org.eclipse.justj.openjdk.hotspot.jre.full.win32.x86_64_17.0.7.v20230425-1502\jre\bin\msvcp140.dll
0x00007ffa415f0000 - 0x00007ffa42238000 	C:\Users\Kumar.Kartik\.p2\pool\plugins\org.eclipse.justj.openjdk.hotspot.jre.full.win32.x86_64_17.0.7.v20230425-1502\jre\bin\server\jvm.dll
0x00007ffa7eed0000 - 0x00007ffa7eed9000 	C:\Windows\SYSTEM32\WSOCK32.dll
0x00007ffab2980000 - 0x00007ffab29eb000 	C:\Windows\System32\WS2_32.dll
0x00007ffaad0f0000 - 0x00007ffaad117000 	C:\Windows\SYSTEM32\WINMM.dll
0x00007ffa97030000 - 0x00007ffa9703a000 	C:\Windows\SYSTEM32\VERSION.dll
0x00007ffaaebd0000 - 0x00007ffaaebe2000 	C:\Windows\SYSTEM32\kernel.appcore.dll
0x00007ffaad3a0000 - 0x00007ffaad3aa000 	C:\Users\Kumar.Kartik\.p2\pool\plugins\org.eclipse.justj.openjdk.hotspot.jre.full.win32.x86_64_17.0.7.v20230425-1502\jre\bin\jimage.dll
0x00007ffaae800000 - 0x00007ffaae9e4000 	C:\Windows\SYSTEM32\DBGHELP.DLL
0x00007ffaad070000 - 0x00007ffaad0a4000 	C:\Windows\SYSTEM32\dbgcore.DLL
0x00007ffab0ce0000 - 0x00007ffab0d62000 	C:\Windows\System32\bcryptPrimitives.dll
0x00007ffa68030000 - 0x00007ffa68055000 	C:\Users\Kumar.Kartik\.p2\pool\plugins\org.eclipse.justj.openjdk.hotspot.jre.full.win32.x86_64_17.0.7.v20230425-1502\jre\bin\java.dll

dbghelp: loaded successfully - version: 4.0.5 - missing functions: none
symbol engine: initialized successfully - sym options: 0x614 - pdb path: .;C:\Users\Kumar.Kartik\.p2\pool\plugins\org.eclipse.justj.openjdk.hotspot.jre.full.win32.x86_64_17.0.7.v20230425-1502\jre\bin;C:\Windows\SYSTEM32;C:\Windows\WinSxS\amd64_microsoft.windows.common-controls_6595b64144ccf1df_6.0.19041.1110_none_60b5254171f9507e;C:\Users\Kumar.Kartik\.p2\pool\plugins\org.eclipse.justj.openjdk.hotspot.jre.full.win32.x86_64_17.0.7.v20230425-1502\jre\bin\server

VM Arguments:
jvm_args: -Dfile.encoding=UTF-8 -XX:+ShowCodeDetailsInExceptionMessages 
java_command: com.crsApp.CRSApp
java_class_path (initial): C:\Users\Kumar.Kartik\Downloads\CRSApplication\bin;C:\Users\Kumar.Kartik\Downloads\mysql-connector-java-8.0.11 (1).jar
Launcher Type: SUN_STANDARD

[Global flags]
     intx CICompilerCount                          = 4                                         {product} {ergonomic}
     uint ConcGCThreads                            = 3                                         {product} {ergonomic}
     uint G1ConcRefinementThreads                  = 10                                        {product} {ergonomic}
   size_t G1HeapRegionSize                         = 2097152                                   {product} {ergonomic}
    uintx GCDrainStackTargetSize                   = 64                                        {product} {ergonomic}
   size_t InitialHeapSize                          = 264241152                                 {product} {ergonomic}
   size_t MarkStackSize                            = 4194304                                   {product} {ergonomic}
   size_t MaxHeapSize                              = 4213178368                                {product} {ergonomic}
   size_t MinHeapDeltaBytes                        = 2097152                                   {product} {ergonomic}
   size_t MinHeapSize                              = 8388608                                   {product} {ergonomic}
    uintx NonNMethodCodeHeapSize                   = 5839372                                {pd product} {ergonomic}
    uintx NonProfiledCodeHeapSize                  = 122909434                              {pd product} {ergonomic}
    uintx ProfiledCodeHeapSize                     = 122909434                              {pd product} {ergonomic}
    uintx ReservedCodeCacheSize                    = 251658240                              {pd product} {ergonomic}
     bool SegmentedCodeCache                       = true                                      {product} {ergonomic}
     bool ShowCodeDetailsInExceptionMessages       = true                                   {manageable} {command line}
   size_t SoftMaxHeapSize                          = 4213178368                             {manageable} {ergonomic}
     bool UseCompressedClassPointers               = true                           {product lp64_product} {ergonomic}
     bool UseCompressedOops                        = true                           {product lp64_product} {ergonomic}
     bool UseG1GC                                  = true                                      {product} {ergonomic}
     bool UseLargePagesIndividualAllocation        = false                                  {pd product} {ergonomic}

Logging:
Log output configuration:
 #0: stdout all=warning uptime,level,tags
 #1: stderr all=off uptime,level,tags

Environment Variables:
PATH=C:/Users/Kumar.Kartik/.p2/pool/plugins/org.eclipse.justj.openjdk.hotspot.jre.full.win32.x86_64_17.0.7.v20230425-1502/jre/bin/server;C:/Users/Kumar.Kartik/.p2/pool/plugins/org.eclipse.justj.openjdk.hotspot.jre.full.win32.x86_64_17.0.7.v20230425-1502/jre/bin;C:\Program Files\Common Files\Oracle\Java\javapath;C:\Windows\system32;C:\Windows;C:\Windows\System32\Wbem;C:\Windows\System32\WindowsPowerShell\v1.0\;C:\Windows\System32\OpenSSH\;C:\Program Files\nodejs\;C:\Users\Kumar.Kartik\AppData\Local\Microsoft\WindowsApps;C:\Users\Kumar.Kartik\AppData\Roaming\npm;C:\Users\Kumar.Kartik\AppData\Local\Programs\Microsoft VS Code\bin;C:\Users\Kumar.Kartik\Desktop;
USERNAME=Kumar.Kartik
OS=Windows_NT
PROCESSOR_IDENTIFIER=Intel64 Family 6 Model 154 Stepping 4, GenuineIntel
TMP=C:\Users\KUMAR~1.KAR\AppData\Local\Temp
TEMP=C:\Users\KUMAR~1.KAR\AppData\Local\Temp



---------------  S Y S T E M  ---------------

OS:
 Windows 10 , 64 bit Build 19041 (10.0.19041.3155)
OS uptime: 3 days 21:02 hours

CPU: total 12 (initial active 12) (6 cores per cpu, 2 threads per core) family 6 model 154 stepping 4 microcode 0x423, cx8, cmov, fxsr, ht, mmx, 3dnowpref, sse, sse2, sse3, ssse3, sse4.1, sse4.2, popcnt, lzcnt, tsc, tscinvbit, avx, avx2, aes, erms, clmul, bmi1, bmi2, adx, sha, fma, vzeroupper, clflush, clflushopt, clwb

Memory: 4k page, system-wide physical 16068M (4277M free)
TotalPageFile size 46592M (AvailPageFile size 16M)
current process WorkingSet (physical memory assigned to process): 11M, peak: 11M
current process commit charge ("private bytes"): 64M, peak: 316M

vm_info: OpenJDK 64-Bit Server VM (17.0.7+7) for windows-amd64 JRE (17.0.7+7), built on Apr 18 2023 22:10:42 by "temurin" with MS VC++ 16.7 (VS2019)

END.
